<?xml version="1.0" encoding="UTF-8"?>
<!-- Generated by org.testng.reporters.JUnitReportReporter -->
<testsuite hostname="DESKTOP-UCU1O43" failures="0" tests="1" name="mavenforjenkins.UITest" time="8.736" errors="0" timestamp="2025-05-21T16:21:56 IST" skipped="0">
  <testcase classname="mavenforjenkins.UITest" name="StartBrowser" time="8.736"/>
</testsuite> <!-- mavenforjenkins.UITest -->
